<?xml version="1.0" encoding="UTF-8"?>
<!-- Generated by org.testng.reporters.JUnitReportReporter -->
<testsuite hostname="Dhivya" failures="0" tests="3" name="TestCases_Spicejet.SignupTest" time="86.571" errors="0" timestamp="2024-07-11T10:29:28 IST" skipped="0">
  <testcase classname="TestCases_Spicejet.SignupTest" name="SignupForm" time="58.567">
    <system-out>
      <![CDATA[<img src= D:\Intelli workspace\SpiceJet_Flight_BookingSystem\Screenshots\SignupForm.png width = 200px height=200px />]]>
    </system-out>
  </testcase> <!-- SignupForm -->
  <testcase classname="TestCases_Spicejet.SignupTest" name="SignupForm_with_invalid_credentials" time="14.128">
    <system-out>
      <![CDATA[<img src= D:\Intelli workspace\SpiceJet_Flight_BookingSystem\Screenshots\SignupForm_with_invalid_credentials.png width = 200px height=200px />]]>
    </system-out>
  </testcase> <!-- SignupForm_with_invalid_credentials -->
  <testcase classname="TestCases_Spicejet.SignupTest" name="SignupForm_with_nullValues" time="13.876">
    <system-out>
      <![CDATA[<img src= D:\Intelli workspace\SpiceJet_Flight_BookingSystem\Screenshots\SignupForm_with_nullValues.png width = 200px height=200px />]]>
    </system-out>
  </testcase> <!-- SignupForm_with_nullValues -->
  <system-out>
    <![CDATA[<img src= D:\Intelli workspace\SpiceJet_Flight_BookingSystem\Screenshots\SignupForm.png width = 200px height=200px />
<img src= D:\Intelli workspace\SpiceJet_Flight_BookingSystem\Screenshots\SignupForm_with_invalid_credentials.png width = 200px height=200px />
<img src= D:\Intelli workspace\SpiceJet_Flight_BookingSystem\Screenshots\SignupForm_with_nullValues.png width = 200px height=200px />
<img src= D:\Intelli workspace\SpiceJet_Flight_BookingSystem\Screenshots\LoginTest_via_MobileNum_with_Empty_Credentials.png width = 200px height=200px />
<img src= D:\Intelli workspace\SpiceJet_Flight_BookingSystem\Screenshots\LoginTest_via_InvalidMobileNum.png width = 200px height=200px />
<img src= D:\Intelli workspace\SpiceJet_Flight_BookingSystem\Screenshots\LoginTest_via_MobileNum.png width = 200px height=200px />
<img src= D:\Intelli workspace\SpiceJet_Flight_BookingSystem\Screenshots\LoginTest_with_empty_crendentials.png width = 200px height=200px />
<img src= D:\Intelli workspace\SpiceJet_Flight_BookingSystem\Screenshots\LoginTest_ivalid_crendentials.png width = 200px height=200px />
<img src= D:\Intelli workspace\SpiceJet_Flight_BookingSystem\Screenshots\LoginTest_via_email.png width = 200px height=200px />
<img src= D:\Intelli workspace\SpiceJet_Flight_BookingSystem\Screenshots\Oneway_TripTest.png width = 200px height=200px />
<img src= D:\Intelli workspace\SpiceJet_Flight_BookingSystem\Screenshots\Oneway_TripTest_with_missing_Credential.png width = 200px height=200px />
<img src= D:\Intelli workspace\SpiceJet_Flight_BookingSystem\Screenshots\Round_TripTest.png width = 200px height=200px />
<img src= D:\Intelli workspace\SpiceJet_Flight_BookingSystem\Screenshots\PaymentProcess.png width = 200px height=200px />]]>
  </system-out>
</testsuite> <!-- TestCases_Spicejet.SignupTest -->
