<?xml version="1.0" encoding="UTF-8"?>
<!-- Generated by org.testng.reporters.JUnitReportReporter -->
<testsuite hostname="Dhivya" failures="0" tests="6" name="TestCases_Spicejet.LoginTest" time="51.960" errors="0" timestamp="2024-07-11T10:29:28 IST" skipped="0">
  <testcase classname="TestCases_Spicejet.LoginTest" name="LoginTest_via_MobileNum_with_Empty_Credentials" time="6.109">
    <system-out>
      <![CDATA[<img src= D:\Intelli workspace\SpiceJet_Flight_BookingSystem\Screenshots\LoginTest_via_MobileNum_with_Empty_Credentials.png width = 200px height=200px />]]>
    </system-out>
  </testcase> <!-- LoginTest_via_MobileNum_with_Empty_Credentials -->
  <testcase classname="TestCases_Spicejet.LoginTest" name="LoginTest_via_InvalidMobileNum" time="3.191">
    <system-out>
      <![CDATA[<img src= D:\Intelli workspace\SpiceJet_Flight_BookingSystem\Screenshots\LoginTest_via_InvalidMobileNum.png width = 200px height=200px />]]>
    </system-out>
  </testcase> <!-- LoginTest_via_InvalidMobileNum -->
  <testcase classname="TestCases_Spicejet.LoginTest" name="LoginTest_via_MobileNum" time="3.619">
    <system-out>
      <![CDATA[<img src= D:\Intelli workspace\SpiceJet_Flight_BookingSystem\Screenshots\LoginTest_via_MobileNum.png width = 200px height=200px />]]>
    </system-out>
  </testcase> <!-- LoginTest_via_MobileNum -->
  <testcase classname="TestCases_Spicejet.LoginTest" name="LoginTest_with_empty_crendentials" time="8.752">
    <system-out>
      <![CDATA[<img src= D:\Intelli workspace\SpiceJet_Flight_BookingSystem\Screenshots\LoginTest_with_empty_crendentials.png width = 200px height=200px />]]>
    </system-out>
  </testcase> <!-- LoginTest_with_empty_crendentials -->
  <testcase classname="TestCases_Spicejet.LoginTest" name="LoginTest_ivalid_crendentials" time="10.776">
    <system-out>
      <![CDATA[<img src= D:\Intelli workspace\SpiceJet_Flight_BookingSystem\Screenshots\LoginTest_ivalid_crendentials.png width = 200px height=200px />]]>
    </system-out>
  </testcase> <!-- LoginTest_ivalid_crendentials -->
  <testcase classname="TestCases_Spicejet.LoginTest" name="LoginTest_via_email" time="19.513">
    <system-out>
      <![CDATA[<img src= D:\Intelli workspace\SpiceJet_Flight_BookingSystem\Screenshots\LoginTest_via_email.png width = 200px height=200px />]]>
    </system-out>
  </testcase> <!-- LoginTest_via_email -->
  <system-out>
    <![CDATA[<img src= D:\Intelli workspace\SpiceJet_Flight_BookingSystem\Screenshots\SignupForm.png width = 200px height=200px />
<img src= D:\Intelli workspace\SpiceJet_Flight_BookingSystem\Screenshots\SignupForm_with_invalid_credentials.png width = 200px height=200px />
<img src= D:\Intelli workspace\SpiceJet_Flight_BookingSystem\Screenshots\SignupForm_with_nullValues.png width = 200px height=200px />
<img src= D:\Intelli workspace\SpiceJet_Flight_BookingSystem\Screenshots\LoginTest_via_MobileNum_with_Empty_Credentials.png width = 200px height=200px />
<img src= D:\Intelli workspace\SpiceJet_Flight_BookingSystem\Screenshots\LoginTest_via_InvalidMobileNum.png width = 200px height=200px />
<img src= D:\Intelli workspace\SpiceJet_Flight_BookingSystem\Screenshots\LoginTest_via_MobileNum.png width = 200px height=200px />
<img src= D:\Intelli workspace\SpiceJet_Flight_BookingSystem\Screenshots\LoginTest_with_empty_crendentials.png width = 200px height=200px />
<img src= D:\Intelli workspace\SpiceJet_Flight_BookingSystem\Screenshots\LoginTest_ivalid_crendentials.png width = 200px height=200px />
<img src= D:\Intelli workspace\SpiceJet_Flight_BookingSystem\Screenshots\LoginTest_via_email.png width = 200px height=200px />
<img src= D:\Intelli workspace\SpiceJet_Flight_BookingSystem\Screenshots\Oneway_TripTest.png width = 200px height=200px />
<img src= D:\Intelli workspace\SpiceJet_Flight_BookingSystem\Screenshots\Oneway_TripTest_with_missing_Credential.png width = 200px height=200px />
<img src= D:\Intelli workspace\SpiceJet_Flight_BookingSystem\Screenshots\Round_TripTest.png width = 200px height=200px />
<img src= D:\Intelli workspace\SpiceJet_Flight_BookingSystem\Screenshots\PaymentProcess.png width = 200px height=200px />]]>
  </system-out>
</testsuite> <!-- TestCases_Spicejet.LoginTest -->
